[INFO] 28-08-2025 16:07:50 [main] Log - Start testing cms
[WARN] 28-08-2025 16:07:50 [main] Log - WebDriver is null in onStart
[INFO] 28-08-2025 16:07:53 [main] Log - loginTest test is starting...
[ERROR] 28-08-2025 16:08:14 [main] Log - loginTest test is failed.
[ERROR] 28-08-2025 16:08:14 [main] Log - Screenshot captured for test case: loginTest
[INFO] 28-08-2025 16:08:21 [main] Log - Start testing cms
[WARN] 28-08-2025 16:08:21 [main] Log - WebDriver is null in onStart
[INFO] 28-08-2025 16:08:24 [main] Log - loginTest test is starting...
[INFO] 28-08-2025 16:09:31 [main] Log - Start testing cms
[WARN] 28-08-2025 16:09:31 [main] Log - WebDriver is null in onStart
[INFO] 28-08-2025 16:09:34 [main] Log - loginTest test is starting...
[ERROR] 28-08-2025 16:09:47 [main] Log - loginTest test is failed.
[ERROR] 28-08-2025 16:09:47 [main] Log - Screenshot captured for test case: loginTest
[ERROR] 28-08-2025 16:09:47 [main] Log - loginTest test is failed.
[ERROR] 28-08-2025 16:09:47 [main] Log - Screenshot captured for test case: loginTest
[INFO] 28-08-2025 16:09:49 [main] Log - End testing cms
[INFO] 28-08-2025 16:10:28 [main] Log - Start testing cms
[WARN] 28-08-2025 16:10:28 [main] Log - WebDriver is null in onStart
[INFO] 28-08-2025 16:10:31 [main] Log - loginTest test is starting...
[ERROR] 28-08-2025 16:10:52 [main] Log - loginTest test is failed.
[ERROR] 28-08-2025 16:10:52 [main] Log - Screenshot captured for test case: loginTest
[INFO] 28-08-2025 16:10:56 [main] Log - End testing cms
[INFO] 28-08-2025 16:11:03 [main] Log - Start testing cms
[WARN] 28-08-2025 16:11:03 [main] Log - WebDriver is null in onStart
[INFO] 28-08-2025 16:11:06 [main] Log - loginTest test is starting...
[ERROR] 28-08-2025 16:11:27 [main] Log - loginTest test is failed.
[ERROR] 28-08-2025 16:11:27 [main] Log - Screenshot captured for test case: loginTest
[INFO] 28-08-2025 16:11:31 [main] Log - End testing cms
[INFO] 28-08-2025 16:13:24 [main] Log - Start testing cms
[WARN] 28-08-2025 16:13:24 [main] Log - WebDriver is null in onStart
[INFO] 28-08-2025 16:13:27 [main] Log - loginTest test is starting...
[ERROR] 28-08-2025 16:13:49 [main] Log - loginTest test is failed.
[ERROR] 28-08-2025 16:13:49 [main] Log - Screenshot captured for test case: loginTest
[INFO] 28-08-2025 16:13:53 [main] Log - End testing cms
[INFO] 28-08-2025 16:15:16 [main] Log - Start testing cms
[WARN] 28-08-2025 16:15:16 [main] Log - WebDriver is null in onStart
[INFO] 28-08-2025 16:15:19 [main] Log - loginTest test is starting...
[INFO] 28-08-2025 16:15:21 [main] Log - loginTest test is passed.
[INFO] 28-08-2025 16:15:25 [main] Log - End testing cms
[INFO] 28-08-2025 16:15:30 [main] Log - Start testing cms
[WARN] 28-08-2025 16:15:30 [main] Log - WebDriver is null in onStart
[INFO] 28-08-2025 16:15:34 [main] Log - loginTest test is starting...
[INFO] 28-08-2025 16:15:36 [main] Log - loginTest test is passed.
[INFO] 28-08-2025 16:15:39 [main] Log - End testing cms
[INFO] 28-08-2025 17:00:38 [main] Log - Start testing cms
[WARN] 28-08-2025 17:00:38 [main] Log - WebDriver is null in onStart
[INFO] 28-08-2025 17:00:42 [main] Log - loginTest test is starting...
[ERROR] 28-08-2025 17:01:00 [main] Log - loginTest test is failed.
[ERROR] 28-08-2025 17:01:00 [main] Log - Screenshot captured for test case: loginTest
[ERROR] 28-08-2025 17:01:00 [main] Log - loginTest test is failed.
[ERROR] 28-08-2025 17:01:00 [main] Log - Screenshot captured for test case: loginTest
[INFO] 28-08-2025 17:01:05 [main] Log - Start testing cms
[WARN] 28-08-2025 17:01:05 [main] Log - WebDriver is null in onStart
[INFO] 28-08-2025 17:01:08 [main] Log - loginTest test is starting...
[ERROR] 28-08-2025 17:01:13 [main] Log - loginTest test is failed.
[ERROR] 28-08-2025 17:01:13 [main] Log - Screenshot captured for test case: loginTest
[ERROR] 28-08-2025 17:01:13 [main] Log - loginTest test is failed.
[ERROR] 28-08-2025 17:01:13 [main] Log - Screenshot captured for test case: loginTest
[INFO] 28-08-2025 17:01:24 [main] Log - Start testing cms
[WARN] 28-08-2025 17:01:24 [main] Log - WebDriver is null in onStart
[INFO] 28-08-2025 17:01:27 [main] Log - loginTest test is starting...
[INFO] 28-08-2025 17:01:29 [main] Log - loginTest test is passed.
[INFO] 28-08-2025 17:01:32 [main] Log - End testing cms
[INFO] 28-08-2025 21:41:07 [main] Log - Start testing cms
[WARN] 28-08-2025 21:41:07 [main] Log - WebDriver is null in onStart
[INFO] 28-08-2025 21:41:11 [main] Log - loginTest test is starting...
[INFO] 28-08-2025 21:41:15 [main] Log - loginTest test is passed.
[INFO] 28-08-2025 21:41:18 [main] Log - End testing cms
[INFO] 28-08-2025 21:51:21 [main] Log - Start testing cms
[WARN] 28-08-2025 21:51:21 [main] Log - WebDriver is null in onStart
[INFO] 28-08-2025 21:51:25 [main] Log - loginTest test is starting...
[INFO] 28-08-2025 21:51:28 [main] Log - loginTest test is passed.
[INFO] 28-08-2025 21:51:31 [main] Log - End testing cms
[INFO] 28-08-2025 22:12:18 [main] Log - Start testing cms
[WARN] 28-08-2025 22:12:18 [main] Log - WebDriver is null in onStart
[INFO] 28-08-2025 22:12:22 [main] Log - loginTest test is starting...
[INFO] 28-08-2025 22:12:25 [main] Log - loginTest test is passed.
[INFO] 28-08-2025 22:12:26 [main] Log - dashboardTest test is starting...
[ERROR] 28-08-2025 22:12:46 [main] Log - dashboardTest test is failed.
[ERROR] 28-08-2025 22:12:46 [main] Log - Screenshot captured for test case: dashboardTest
[ERROR] 28-08-2025 22:12:46 [main] Log - dashboardTest test is failed.
[ERROR] 28-08-2025 22:12:46 [main] Log - Screenshot captured for test case: dashboardTest
[INFO] 28-08-2025 22:12:48 [main] Log - End testing cms
[INFO] 28-08-2025 22:14:33 [main] Log - Start testing cms
[WARN] 28-08-2025 22:14:33 [main] Log - WebDriver is null in onStart
[INFO] 28-08-2025 22:14:36 [main] Log - loginTest test is starting...
[INFO] 28-08-2025 22:14:39 [main] Log - loginTest test is passed.
[INFO] 28-08-2025 22:14:40 [main] Log - dashboardTest test is starting...
[ERROR] 28-08-2025 22:15:03 [main] Log - dashboardTest test is failed.
[ERROR] 28-08-2025 22:15:03 [main] Log - Screenshot captured for test case: dashboardTest
[INFO] 28-08-2025 22:15:08 [main] Log - End testing cms
[INFO] 28-08-2025 22:18:57 [main] Log - Start testing cms
[WARN] 28-08-2025 22:18:57 [main] Log - WebDriver is null in onStart
[INFO] 28-08-2025 22:19:02 [main] Log - loginTest test is starting...
[INFO] 28-08-2025 22:19:05 [main] Log - loginTest test is passed.
[INFO] 28-08-2025 22:19:06 [main] Log - dashboardTest test is starting...
[ERROR] 28-08-2025 22:19:20 [main] Log - dashboardTest test is failed.
[ERROR] 28-08-2025 22:19:20 [main] Log - Screenshot captured for test case: dashboardTest
[ERROR] 28-08-2025 22:19:21 [main] Log - dashboardTest test is failed.
[ERROR] 28-08-2025 22:19:21 [main] Log - Screenshot captured for test case: dashboardTest
[INFO] 28-08-2025 22:19:23 [main] Log - End testing cms
[INFO] 28-08-2025 22:20:19 [main] Log - Start testing cms
[WARN] 28-08-2025 22:20:19 [main] Log - WebDriver is null in onStart
[INFO] 28-08-2025 22:20:21 [main] Log - loginTest test is starting...
[INFO] 28-08-2025 22:20:25 [main] Log - loginTest test is passed.
[INFO] 28-08-2025 22:20:26 [main] Log - dashboardTest test is starting...
[ERROR] 28-08-2025 22:20:48 [main] Log - dashboardTest test is failed.
[ERROR] 28-08-2025 22:20:48 [main] Log - Screenshot captured for test case: dashboardTest
[INFO] 28-08-2025 22:20:52 [main] Log - End testing cms
[INFO] 28-08-2025 22:21:55 [main] Log - Start testing cms
[WARN] 28-08-2025 22:21:55 [main] Log - WebDriver is null in onStart
[INFO] 28-08-2025 22:21:59 [main] Log - loginTest test is starting...
[INFO] 28-08-2025 22:22:02 [main] Log - loginTest test is passed.
[INFO] 28-08-2025 22:22:03 [main] Log - dashboardTest test is starting...
[ERROR] 28-08-2025 22:22:05 [main] Log - dashboardTest test is failed.
[ERROR] 28-08-2025 22:22:05 [main] Log - Screenshot captured for test case: dashboardTest
[INFO] 28-08-2025 22:22:09 [main] Log - End testing cms
[INFO] 28-08-2025 22:24:36 [main] Log - Start testing cms
[WARN] 28-08-2025 22:24:36 [main] Log - WebDriver is null in onStart
[INFO] 28-08-2025 22:24:41 [main] Log - loginTest test is starting...
[INFO] 28-08-2025 22:24:44 [main] Log - loginTest test is passed.
[INFO] 28-08-2025 22:24:45 [main] Log - dashboardTest test is starting...
[INFO] 28-08-2025 22:24:50 [main] Log - dashboardTest test is passed.
[INFO] 28-08-2025 22:24:54 [main] Log - End testing cms
[INFO] 28-08-2025 22:27:10 [main] Log - Start testing cms
[WARN] 28-08-2025 22:27:10 [main] Log - WebDriver is null in onStart
[INFO] 28-08-2025 22:27:14 [main] Log - loginTest test is starting...
[ERROR] 28-08-2025 22:27:25 [main] Log - loginTest test is failed.
[ERROR] 28-08-2025 22:27:25 [main] Log - Screenshot captured for test case: loginTest
[ERROR] 28-08-2025 22:27:26 [main] Log - loginTest test is failed.
[ERROR] 28-08-2025 22:27:26 [main] Log - Screenshot captured for test case: loginTest
[INFO] 28-08-2025 22:27:26 [main] Log - End testing cms
[INFO] 28-08-2025 22:27:31 [main] Log - Start testing cms
[WARN] 28-08-2025 22:27:31 [main] Log - WebDriver is null in onStart
[INFO] 28-08-2025 22:27:34 [main] Log - loginTest test is starting...
[ERROR] 28-08-2025 22:27:39 [main] Log - loginTest test is failed.
[ERROR] 28-08-2025 22:27:39 [main] Log - Screenshot captured for test case: loginTest
[ERROR] 28-08-2025 22:27:39 [main] Log - loginTest test is failed.
[ERROR] 28-08-2025 22:27:39 [main] Log - Screenshot captured for test case: loginTest
[INFO] 28-08-2025 22:27:39 [main] Log - End testing cms
[INFO] 28-08-2025 22:28:22 [main] Log - Start testing cms
[WARN] 28-08-2025 22:28:22 [main] Log - WebDriver is null in onStart
[INFO] 28-08-2025 22:28:25 [main] Log - loginTest test is starting...
[INFO] 28-08-2025 22:28:27 [main] Log - loginTest test is passed.
[INFO] 28-08-2025 22:28:28 [main] Log - dashboardTest test is starting...
[ERROR] 28-08-2025 22:28:30 [main] Log - dashboardTest test is failed.
[ERROR] 28-08-2025 22:28:30 [main] Log - Screenshot captured for test case: dashboardTest
[INFO] 28-08-2025 22:28:34 [main] Log - End testing cms
[INFO] 28-08-2025 22:28:50 [main] Log - Start testing cms
[WARN] 28-08-2025 22:28:50 [main] Log - WebDriver is null in onStart
[INFO] 28-08-2025 22:28:53 [main] Log - loginTest test is starting...
[INFO] 28-08-2025 22:28:55 [main] Log - loginTest test is passed.
[INFO] 28-08-2025 22:28:56 [main] Log - dashboardTest test is starting...
[ERROR] 28-08-2025 22:28:58 [main] Log - dashboardTest test is failed.
[ERROR] 28-08-2025 22:28:58 [main] Log - Screenshot captured for test case: dashboardTest
[INFO] 28-08-2025 22:29:01 [main] Log - End testing cms
[INFO] 28-08-2025 22:29:57 [main] Log - Start testing cms
[WARN] 28-08-2025 22:29:57 [main] Log - WebDriver is null in onStart
[INFO] 28-08-2025 22:29:59 [main] Log - loginTest test is starting...
[INFO] 28-08-2025 22:30:02 [main] Log - loginTest test is passed.
[INFO] 28-08-2025 22:30:03 [main] Log - dashboardTest test is starting...
[INFO] 28-08-2025 22:30:07 [main] Log - dashboardTest test is passed.
[INFO] 28-08-2025 22:30:10 [main] Log - End testing cms
[INFO] 28-08-2025 22:30:31 [main] Log - Start testing cms
[WARN] 28-08-2025 22:30:31 [main] Log - WebDriver is null in onStart
[INFO] 28-08-2025 22:30:34 [main] Log - loginTest test is starting...
[INFO] 28-08-2025 22:30:36 [main] Log - loginTest test is passed.
[INFO] 28-08-2025 22:30:37 [main] Log - dashboardTest test is starting...
[INFO] 28-08-2025 22:30:39 [main] Log - dashboardTest test is passed.
[INFO] 28-08-2025 22:30:42 [main] Log - End testing cms
[INFO] 28-08-2025 22:51:58 [main] Log - Start testing cms
[WARN] 28-08-2025 22:51:58 [main] Log - WebDriver is null in onStart
[INFO] 28-08-2025 22:52:02 [main] Log - loginTest test is starting...
[INFO] 28-08-2025 22:52:04 [main] Log - loginTest test is passed.
[INFO] 28-08-2025 22:52:05 [main] Log - dashboardTest test is starting...
[ERROR] 28-08-2025 22:52:08 [main] Log - dashboardTest test is failed.
[ERROR] 28-08-2025 22:52:08 [main] Log - Screenshot captured for test case: dashboardTest
[INFO] 28-08-2025 22:52:12 [main] Log - End testing cms
[INFO] 28-08-2025 22:52:29 [main] Log - Start testing cms
[WARN] 28-08-2025 22:52:29 [main] Log - WebDriver is null in onStart
[INFO] 28-08-2025 22:52:33 [main] Log - loginTest test is starting...
[INFO] 28-08-2025 22:52:37 [main] Log - loginTest test is passed.
[INFO] 28-08-2025 22:52:38 [main] Log - dashboardTest test is starting...
[ERROR] 28-08-2025 22:52:41 [main] Log - dashboardTest test is failed.
[ERROR] 28-08-2025 22:52:41 [main] Log - Screenshot captured for test case: dashboardTest
[INFO] 28-08-2025 22:52:44 [main] Log - End testing cms
[INFO] 28-08-2025 22:53:52 [main] Log - Start testing cms
[WARN] 28-08-2025 22:53:52 [main] Log - WebDriver is null in onStart
[INFO] 28-08-2025 22:53:55 [main] Log - loginTest test is starting...
[INFO] 28-08-2025 22:53:57 [main] Log - loginTest test is passed.
[INFO] 28-08-2025 22:53:58 [main] Log - dashboardTest test is starting...
[ERROR] 28-08-2025 22:54:01 [main] Log - dashboardTest test is failed.
[ERROR] 28-08-2025 22:54:01 [main] Log - Screenshot captured for test case: dashboardTest
[INFO] 28-08-2025 22:54:05 [main] Log - End testing cms
[INFO] 28-08-2025 22:54:46 [main] Log - Start testing cms
[WARN] 28-08-2025 22:54:46 [main] Log - WebDriver is null in onStart
[INFO] 28-08-2025 22:54:49 [main] Log - loginTest test is starting...
[INFO] 28-08-2025 22:54:51 [main] Log - loginTest test is passed.
[INFO] 28-08-2025 22:54:52 [main] Log - dashboardTest test is starting...
[ERROR] 28-08-2025 22:54:55 [main] Log - dashboardTest test is failed.
[ERROR] 28-08-2025 22:54:55 [main] Log - Screenshot captured for test case: dashboardTest
[INFO] 28-08-2025 22:54:59 [main] Log - End testing cms
[INFO] 28-08-2025 22:55:33 [main] Log - Start testing cms
[WARN] 28-08-2025 22:55:33 [main] Log - WebDriver is null in onStart
[INFO] 28-08-2025 22:55:36 [main] Log - loginTest test is starting...
[INFO] 28-08-2025 22:55:38 [main] Log - loginTest test is passed.
[INFO] 28-08-2025 22:55:39 [main] Log - dashboardTest test is starting...
[ERROR] 28-08-2025 22:55:41 [main] Log - dashboardTest test is failed.
[ERROR] 28-08-2025 22:55:41 [main] Log - Screenshot captured for test case: dashboardTest
[INFO] 28-08-2025 22:55:44 [main] Log - End testing cms
[INFO] 28-08-2025 22:56:47 [main] Log - Start testing cms
[WARN] 28-08-2025 22:56:47 [main] Log - WebDriver is null in onStart
[INFO] 28-08-2025 22:56:49 [main] Log - loginTest test is starting...
[INFO] 28-08-2025 22:56:51 [main] Log - loginTest test is passed.
[INFO] 28-08-2025 22:56:52 [main] Log - dashboardTest test is starting...
[ERROR] 28-08-2025 22:56:55 [main] Log - dashboardTest test is failed.
[ERROR] 28-08-2025 22:56:55 [main] Log - Screenshot captured for test case: dashboardTest
[INFO] 28-08-2025 22:56:58 [main] Log - End testing cms
[INFO] 28-08-2025 22:58:28 [main] Log - Start testing cms
[WARN] 28-08-2025 22:58:28 [main] Log - WebDriver is null in onStart
[INFO] 28-08-2025 22:58:31 [main] Log - loginTest test is starting...
[INFO] 28-08-2025 22:58:33 [main] Log - loginTest test is passed.
[INFO] 28-08-2025 22:58:34 [main] Log - dashboardTest test is starting...
[INFO] 28-08-2025 22:58:36 [main] Log - dashboardTest test is passed.
[INFO] 28-08-2025 22:58:39 [main] Log - End testing cms
[INFO] 28-08-2025 22:59:05 [main] Log - Start testing cms
[WARN] 28-08-2025 22:59:05 [main] Log - WebDriver is null in onStart
[INFO] 28-08-2025 22:59:08 [main] Log - loginTest test is starting...
[INFO] 28-08-2025 22:59:10 [main] Log - loginTest test is passed.
[INFO] 28-08-2025 22:59:11 [main] Log - dashboardTest test is starting...
[INFO] 28-08-2025 22:59:13 [main] Log - dashboardTest test is passed.
[INFO] 28-08-2025 22:59:16 [main] Log - End testing cms
[INFO] 28-08-2025 23:00:58 [main] Log - Start testing cms
[WARN] 28-08-2025 23:00:58 [main] Log - WebDriver is null in onStart
[INFO] 28-08-2025 23:01:01 [main] Log - loginTest test is starting...
[INFO] 28-08-2025 23:01:04 [main] Log - loginTest test is passed.
[INFO] 28-08-2025 23:01:05 [main] Log - dashboardTest test is starting...
[INFO] 28-08-2025 23:01:19 [main] Log - Start testing cms
[WARN] 28-08-2025 23:01:19 [main] Log - WebDriver is null in onStart
[INFO] 28-08-2025 23:01:22 [main] Log - loginTest test is starting...
[INFO] 28-08-2025 23:01:24 [main] Log - loginTest test is passed.
[INFO] 28-08-2025 23:01:25 [main] Log - dashboardTest test is starting...
[INFO] 28-08-2025 23:01:39 [main] Log - dashboardTest test is passed.
[INFO] 28-08-2025 23:01:42 [main] Log - End testing cms
[INFO] 28-08-2025 23:02:08 [main] Log - Start testing cms
[WARN] 28-08-2025 23:02:08 [main] Log - WebDriver is null in onStart
[INFO] 28-08-2025 23:02:11 [main] Log - loginTest test is starting...
[INFO] 28-08-2025 23:02:14 [main] Log - loginTest test is passed.
[INFO] 28-08-2025 23:02:15 [main] Log - dashboardTest test is starting...
[ERROR] 28-08-2025 23:02:36 [main] Log - dashboardTest test is failed.
[ERROR] 28-08-2025 23:02:36 [main] Log - Screenshot captured for test case: dashboardTest
[INFO] 28-08-2025 23:02:40 [main] Log - End testing cms
[INFO] 28-08-2025 23:04:10 [main] Log - Start testing cms
[WARN] 28-08-2025 23:04:10 [main] Log - WebDriver is null in onStart
[INFO] 28-08-2025 23:04:14 [main] Log - loginTest test is starting...
[INFO] 28-08-2025 23:04:16 [main] Log - loginTest test is passed.
[INFO] 28-08-2025 23:04:17 [main] Log - dashboardTest test is starting...
[ERROR] 28-08-2025 23:04:28 [main] Log - dashboardTest test is failed.
[ERROR] 28-08-2025 23:04:28 [main] Log - Screenshot captured for test case: dashboardTest
[ERROR] 28-08-2025 23:04:28 [main] Log - dashboardTest test is failed.
[ERROR] 28-08-2025 23:04:28 [main] Log - Screenshot captured for test case: dashboardTest
[INFO] 28-08-2025 23:05:13 [main] Log - Start testing cms
[WARN] 28-08-2025 23:05:13 [main] Log - WebDriver is null in onStart
[INFO] 28-08-2025 23:05:16 [main] Log - loginTest test is starting...
[INFO] 28-08-2025 23:05:18 [main] Log - loginTest test is passed.
[INFO] 28-08-2025 23:05:19 [main] Log - dashboardTest test is starting...
[INFO] 28-08-2025 23:05:22 [main] Log - dashboardTest test is passed.
[INFO] 28-08-2025 23:05:25 [main] Log - End testing cms
[INFO] 28-08-2025 23:05:30 [main] Log - Start testing cms
[WARN] 28-08-2025 23:05:30 [main] Log - WebDriver is null in onStart
[INFO] 28-08-2025 23:05:33 [main] Log - loginTest test is starting...
[INFO] 28-08-2025 23:05:35 [main] Log - loginTest test is passed.
[INFO] 28-08-2025 23:05:36 [main] Log - dashboardTest test is starting...
[INFO] 28-08-2025 23:05:39 [main] Log - dashboardTest test is passed.
[INFO] 28-08-2025 23:05:42 [main] Log - End testing cms
[INFO] 29-08-2025 09:40:06 [main] Log - Start testing cms
[WARN] 29-08-2025 09:40:06 [main] Log - WebDriver is null in onStart
[INFO] 29-08-2025 09:40:12 [main] Log - loginTest test is starting...
[ERROR] 29-08-2025 09:40:14 [main] Log - loginTest test is failed.
[ERROR] 29-08-2025 09:40:14 [main] Log - Screenshot captured for test case: loginTest
[INFO] 29-08-2025 09:40:15 [main] Log - dashboardTest test is starting...
[ERROR] 29-08-2025 09:40:20 [main] Log - dashboardTest test is failed.
[ERROR] 29-08-2025 09:40:20 [main] Log - Screenshot captured for test case: dashboardTest
[ERROR] 29-08-2025 09:40:20 [main] Log - dashboardTest test is failed.
[ERROR] 29-08-2025 09:40:20 [main] Log - Screenshot captured for test case: dashboardTest
[INFO] 29-08-2025 09:40:41 [main] Log - Start testing cms
[WARN] 29-08-2025 09:40:41 [main] Log - WebDriver is null in onStart
[INFO] 29-08-2025 09:40:46 [main] Log - loginTest test is starting...
[INFO] 29-08-2025 09:40:49 [main] Log - loginTest test is passed.
[INFO] 29-08-2025 09:40:50 [main] Log - dashboardTest test is starting...
[ERROR] 29-08-2025 09:40:53 [main] Log - dashboardTest test is failed.
[ERROR] 29-08-2025 09:40:53 [main] Log - Screenshot captured for test case: dashboardTest
[INFO] 29-08-2025 09:40:57 [main] Log - End testing cms
[INFO] 29-08-2025 09:41:04 [main] Log - Start testing cms
[WARN] 29-08-2025 09:41:04 [main] Log - WebDriver is null in onStart
[INFO] 29-08-2025 09:41:08 [main] Log - loginTest test is starting...
[INFO] 29-08-2025 09:41:12 [main] Log - loginTest test is passed.
[INFO] 29-08-2025 09:41:13 [main] Log - dashboardTest test is starting...
[ERROR] 29-08-2025 09:41:16 [main] Log - dashboardTest test is failed.
[ERROR] 29-08-2025 09:41:16 [main] Log - Screenshot captured for test case: dashboardTest
[INFO] 29-08-2025 09:41:19 [main] Log - End testing cms
[INFO] 29-08-2025 09:41:49 [main] Log - Start testing cms
[WARN] 29-08-2025 09:41:49 [main] Log - WebDriver is null in onStart
[INFO] 29-08-2025 09:41:53 [main] Log - loginTest test is starting...
[INFO] 29-08-2025 09:41:56 [main] Log - loginTest test is passed.
[INFO] 29-08-2025 09:41:57 [main] Log - dashboardTest test is starting...
[ERROR] 29-08-2025 09:42:00 [main] Log - dashboardTest test is failed.
[ERROR] 29-08-2025 09:42:00 [main] Log - Screenshot captured for test case: dashboardTest
[INFO] 29-08-2025 09:42:04 [main] Log - End testing cms
[INFO] 29-08-2025 09:42:20 [main] Log - Start testing cms
[WARN] 29-08-2025 09:42:20 [main] Log - WebDriver is null in onStart
[INFO] 29-08-2025 09:42:26 [main] Log - loginTest test is starting...
[INFO] 29-08-2025 09:42:30 [main] Log - loginTest test is passed.
[INFO] 29-08-2025 09:42:31 [main] Log - dashboardTest test is starting...
[ERROR] 29-08-2025 09:42:33 [main] Log - dashboardTest test is failed.
[ERROR] 29-08-2025 09:42:33 [main] Log - Screenshot captured for test case: dashboardTest
[INFO] 29-08-2025 09:42:39 [main] Log - End testing cms
[INFO] 29-08-2025 09:43:07 [main] Log - Start testing cms
[WARN] 29-08-2025 09:43:07 [main] Log - WebDriver is null in onStart
[INFO] 29-08-2025 09:43:11 [main] Log - loginTest test is starting...
[INFO] 29-08-2025 09:43:16 [main] Log - loginTest test is passed.
[INFO] 29-08-2025 09:43:17 [main] Log - dashboardTest test is starting...
[ERROR] 29-08-2025 09:43:20 [main] Log - dashboardTest test is failed.
[ERROR] 29-08-2025 09:43:20 [main] Log - Screenshot captured for test case: dashboardTest
[INFO] 29-08-2025 09:43:24 [main] Log - End testing cms
[INFO] 29-08-2025 09:43:52 [main] Log - Start testing cms
[WARN] 29-08-2025 09:43:52 [main] Log - WebDriver is null in onStart
[INFO] 29-08-2025 09:43:55 [main] Log - loginTest test is starting...
[INFO] 29-08-2025 09:44:00 [main] Log - loginTest test is passed.
[INFO] 29-08-2025 09:44:01 [main] Log - dashboardTest test is starting...
[ERROR] 29-08-2025 09:44:04 [main] Log - dashboardTest test is failed.
[ERROR] 29-08-2025 09:44:04 [main] Log - Screenshot captured for test case: dashboardTest
[INFO] 29-08-2025 09:44:08 [main] Log - End testing cms
[INFO] 29-08-2025 09:46:04 [main] Log - Start testing cms
[WARN] 29-08-2025 09:46:04 [main] Log - WebDriver is null in onStart
[INFO] 29-08-2025 09:46:32 [main] Log - loginTest test is starting...
[ERROR] 29-08-2025 09:46:53 [main] Log - loginTest test is failed.
[ERROR] 29-08-2025 09:46:53 [main] Log - Screenshot captured for test case: loginTest
[INFO] 29-08-2025 09:46:55 [main] Log - dashboardTest test is starting...
[ERROR] 29-08-2025 09:47:14 [main] Log - dashboardTest test is failed.
[ERROR] 29-08-2025 09:47:14 [main] Log - Screenshot captured for test case: dashboardTest
[ERROR] 29-08-2025 09:47:14 [main] Log - dashboardTest test is failed.
[ERROR] 29-08-2025 09:47:14 [main] Log - Screenshot captured for test case: dashboardTest
[INFO] 29-08-2025 09:47:20 [main] Log - Start testing cms
[WARN] 29-08-2025 09:47:20 [main] Log - WebDriver is null in onStart
[INFO] 29-08-2025 09:47:24 [main] Log - loginTest test is starting...
[INFO] 29-08-2025 09:47:28 [main] Log - loginTest test is passed.
[INFO] 29-08-2025 09:47:29 [main] Log - dashboardTest test is starting...
[INFO] 29-08-2025 09:47:34 [main] Log - dashboardTest test is passed.
[INFO] 29-08-2025 09:47:38 [main] Log - End testing cms
[INFO] 29-08-2025 09:47:45 [main] Log - Start testing cms
[WARN] 29-08-2025 09:47:45 [main] Log - WebDriver is null in onStart
[INFO] 29-08-2025 09:47:50 [main] Log - loginTest test is starting...
[INFO] 29-08-2025 09:47:53 [main] Log - loginTest test is passed.
[INFO] 29-08-2025 09:47:54 [main] Log - dashboardTest test is starting...
[ERROR] 29-08-2025 09:47:56 [main] Log - dashboardTest test is failed.
[ERROR] 29-08-2025 09:47:56 [main] Log - Screenshot captured for test case: dashboardTest
[INFO] 29-08-2025 09:48:00 [main] Log - End testing cms
[INFO] 29-08-2025 09:52:55 [main] Log - Start testing cms
[WARN] 29-08-2025 09:52:55 [main] Log - WebDriver is null in onStart
[INFO] 29-08-2025 09:52:59 [main] Log - loginTest test is starting...
[INFO] 29-08-2025 09:53:08 [main] Log - loginTest test is passed.
[INFO] 29-08-2025 09:53:09 [main] Log - dashboardTest test is starting...
[INFO] 29-08-2025 09:53:13 [main] Log - dashboardTest test is passed.
[INFO] 29-08-2025 09:53:16 [main] Log - End testing cms
[INFO] 29-08-2025 09:56:05 [main] Log - Start testing cms
[WARN] 29-08-2025 09:56:05 [main] Log - WebDriver is null in onStart
[INFO] 29-08-2025 09:56:16 [main] Log - loginTest test is starting...
[ERROR] 29-08-2025 09:56:16 [main] Log - loginTest test is failed.
[ERROR] 29-08-2025 09:56:16 [main] Log - Screenshot captured for test case: loginTest
[ERROR] 29-08-2025 09:56:16 [main] Log - loginTest test is failed.
[ERROR] 29-08-2025 09:56:16 [main] Log - Screenshot captured for test case: loginTest
[INFO] 29-08-2025 09:56:16 [main] Log - End testing cms
[INFO] 29-08-2025 09:56:21 [main] Log - Start testing cms
[WARN] 29-08-2025 09:56:21 [main] Log - WebDriver is null in onStart
[INFO] 29-08-2025 09:56:42 [main] Log - loginTest test is starting...
[ERROR] 29-08-2025 09:56:43 [main] Log - loginTest test is failed.
[ERROR] 29-08-2025 09:56:43 [main] Log - Screenshot captured for test case: loginTest
[ERROR] 29-08-2025 09:56:43 [main] Log - loginTest test is failed.
[ERROR] 29-08-2025 09:56:43 [main] Log - Screenshot captured for test case: loginTest
[INFO] 29-08-2025 09:56:43 [main] Log - End testing cms
[INFO] 29-08-2025 10:01:43 [main] Log - Start testing cms
[WARN] 29-08-2025 10:01:43 [main] Log - WebDriver is null in onStart
[INFO] 29-08-2025 10:01:45 [main] Log - Start testing cms
[WARN] 29-08-2025 10:01:45 [main] Log - WebDriver is null in onStart
[INFO] 29-08-2025 10:01:53 [main] Log - loginTest test is starting...
[INFO] 29-08-2025 10:01:54 [main] Log - loginTest test is starting...
[INFO] 29-08-2025 10:02:16 [main] Log - Start testing cms
[WARN] 29-08-2025 10:02:16 [main] Log - WebDriver is null in onStart
[INFO] 29-08-2025 10:02:42 [main] Log - loginTest test is starting...
[ERROR] 29-08-2025 10:02:55 [main] Log - loginTest test is failed.
[ERROR] 29-08-2025 10:02:55 [main] Log - Screenshot captured for test case: loginTest
[ERROR] 29-08-2025 10:02:55 [main] Log - loginTest test is failed.
[ERROR] 29-08-2025 10:02:55 [main] Log - Screenshot captured for test case: loginTest
[INFO] 29-08-2025 10:02:55 [main] Log - End testing cms
[INFO] 29-08-2025 10:03:01 [main] Log - Start testing cms
[WARN] 29-08-2025 10:03:01 [main] Log - WebDriver is null in onStart
[INFO] 29-08-2025 10:03:05 [main] Log - loginTest test is starting...
[ERROR] 29-08-2025 10:03:25 [main] Log - loginTest test is failed.
[ERROR] 29-08-2025 10:03:25 [main] Log - Screenshot captured for test case: loginTest
[INFO] 29-08-2025 10:03:26 [main] Log - dashboardTest test is starting...
[ERROR] 29-08-2025 10:03:47 [main] Log - dashboardTest test is failed.
[ERROR] 29-08-2025 10:03:47 [main] Log - Screenshot captured for test case: dashboardTest
[INFO] 29-08-2025 10:03:51 [main] Log - End testing cms
[INFO] 29-08-2025 10:04:44 [main] Log - Start testing cms
[WARN] 29-08-2025 10:04:44 [main] Log - WebDriver is null in onStart
[INFO] 29-08-2025 10:05:16 [main] Log - loginTest test is starting...
[ERROR] 29-08-2025 10:05:16 [main] Log - loginTest test is failed.
[ERROR] 29-08-2025 10:05:16 [main] Log - Screenshot captured for test case: loginTest
[WARN] 29-08-2025 10:05:16 [main] Log - WebDriver is null, skipping screenshot
[INFO] 29-08-2025 10:05:17 [main] Log - dashboardTest test is starting...
[ERROR] 29-08-2025 10:05:17 [main] Log - dashboardTest test is failed.
[ERROR] 29-08-2025 10:05:17 [main] Log - Screenshot captured for test case: dashboardTest
[WARN] 29-08-2025 10:05:17 [main] Log - WebDriver is null, skipping screenshot
[INFO] 29-08-2025 10:06:06 [main] Log - Start testing cms
[WARN] 29-08-2025 10:06:06 [main] Log - WebDriver is null in onStart
[INFO] 29-08-2025 10:06:10 [main] Log - loginTest test is starting...
[ERROR] 29-08-2025 10:06:30 [main] Log - loginTest test is failed.
[ERROR] 29-08-2025 10:06:30 [main] Log - Screenshot captured for test case: loginTest
[INFO] 29-08-2025 10:06:32 [main] Log - dashboardTest test is starting...
[ERROR] 29-08-2025 10:06:47 [main] Log - dashboardTest test is failed.
[ERROR] 29-08-2025 10:06:47 [main] Log - Screenshot captured for test case: dashboardTest
[ERROR] 29-08-2025 10:06:47 [main] Log - dashboardTest test is failed.
[ERROR] 29-08-2025 10:06:47 [main] Log - Screenshot captured for test case: dashboardTest
[INFO] 29-08-2025 10:08:13 [main] Log - Start testing cms
[WARN] 29-08-2025 10:08:13 [main] Log - WebDriver is null in onStart
[INFO] 29-08-2025 10:08:16 [main] Log - loginTest test is starting...
[ERROR] 29-08-2025 10:08:35 [main] Log - loginTest test is failed.
[ERROR] 29-08-2025 10:08:35 [main] Log - Screenshot captured for test case: loginTest
[ERROR] 29-08-2025 10:08:35 [main] Log - loginTest test is failed.
[ERROR] 29-08-2025 10:08:35 [main] Log - Screenshot captured for test case: loginTest
[INFO] 29-08-2025 10:08:35 [main] Log - End testing cms
[INFO] 29-08-2025 10:08:52 [main] Log - Start testing cms
[WARN] 29-08-2025 10:08:52 [main] Log - WebDriver is null in onStart
[INFO] 29-08-2025 10:08:56 [main] Log - loginTest test is starting...
[ERROR] 29-08-2025 10:09:20 [main] Log - loginTest test is failed.
[ERROR] 29-08-2025 10:09:20 [main] Log - Screenshot captured for test case: loginTest
[INFO] 29-08-2025 10:09:21 [main] Log - dashboardTest test is starting...
[INFO] 29-08-2025 10:09:25 [main] Log - dashboardTest test is passed.
[INFO] 29-08-2025 10:09:28 [main] Log - End testing cms
[INFO] 29-08-2025 10:11:40 [main] Log - Start testing cms
[WARN] 29-08-2025 10:11:40 [main] Log - WebDriver is null in onStart
[INFO] 29-08-2025 10:11:44 [main] Log - loginTest test is starting...
[INFO] 29-08-2025 10:11:48 [main] Log - loginTest test is passed.
[INFO] 29-08-2025 10:11:49 [main] Log - dashboardTest test is starting...
[INFO] 29-08-2025 10:11:56 [main] Log - dashboardTest test is passed.
[INFO] 29-08-2025 10:12:01 [main] Log - End testing cms
[INFO] 29-08-2025 10:12:06 [main] Log - Start testing cms
[WARN] 29-08-2025 10:12:06 [main] Log - WebDriver is null in onStart
[INFO] 29-08-2025 10:12:10 [main] Log - loginTest test is starting...
[INFO] 29-08-2025 10:12:14 [main] Log - loginTest test is passed.
[INFO] 29-08-2025 10:12:15 [main] Log - dashboardTest test is starting...
[INFO] 29-08-2025 10:12:22 [main] Log - dashboardTest test is passed.
[INFO] 29-08-2025 10:12:30 [main] Log - End testing cms
[INFO] 29-08-2025 10:36:50 [main] Log - Start testing cms
[WARN] 29-08-2025 10:36:50 [main] Log - WebDriver is null in onStart
[INFO] 29-08-2025 10:36:55 [main] Log - loginTest test is starting...
[INFO] 29-08-2025 10:37:00 [main] Log - loginTest test is passed.
[INFO] 29-08-2025 10:37:01 [main] Log - homeGetProductTest test is starting...
[ERROR] 29-08-2025 10:37:13 [main] Log - homeGetProductTest test is failed.
[ERROR] 29-08-2025 10:37:13 [main] Log - Screenshot captured for test case: homeGetProductTest
[ERROR] 29-08-2025 10:37:13 [main] Log - homeGetProductTest test is failed.
[ERROR] 29-08-2025 10:37:13 [main] Log - Screenshot captured for test case: homeGetProductTest
[INFO] 29-08-2025 10:38:16 [main] Log - Start testing cms
[WARN] 29-08-2025 10:38:16 [main] Log - WebDriver is null in onStart
[INFO] 29-08-2025 10:38:21 [main] Log - homeGetProductTest test is starting...
[ERROR] 29-08-2025 10:38:24 [main] Log - homeGetProductTest test is failed.
[ERROR] 29-08-2025 10:38:24 [main] Log - Screenshot captured for test case: homeGetProductTest
[INFO] 29-08-2025 10:38:28 [main] Log - End testing cms
[INFO] 29-08-2025 10:38:47 [main] Log - Start testing cms
[WARN] 29-08-2025 10:38:47 [main] Log - WebDriver is null in onStart
[INFO] 29-08-2025 10:38:52 [main] Log - homeGetProductTest test is starting...
[INFO] 29-08-2025 10:38:55 [main] Log - homeGetProductTest test is passed.
[INFO] 29-08-2025 10:38:58 [main] Log - End testing cms
[INFO] 29-08-2025 10:50:56 [main] Log - Start testing cms
[WARN] 29-08-2025 10:50:56 [main] Log - WebDriver is null in onStart
[INFO] 29-08-2025 10:51:01 [main] Log - homeGetProductTest test is starting...
[INFO] 29-08-2025 10:51:05 [main] Log - homeGetProductTest test is passed.
[INFO] 29-08-2025 10:51:08 [main] Log - End testing cms
[INFO] 29-08-2025 11:01:11 [main] Log - Start testing cms
[WARN] 29-08-2025 11:01:11 [main] Log - WebDriver is null in onStart
[INFO] 29-08-2025 11:01:15 [main] Log - homeGetProductTest test is starting...
[INFO] 29-08-2025 11:01:29 [main] Log - homeGetProductTest test is passed.
[INFO] 29-08-2025 11:01:34 [main] Log - End testing cms
[INFO] 29-08-2025 11:02:06 [main] Log - Start testing cms
[WARN] 29-08-2025 11:02:06 [main] Log - WebDriver is null in onStart
[INFO] 29-08-2025 11:02:11 [main] Log - homeGetProductTest test is starting...
[INFO] 29-08-2025 11:02:15 [main] Log - homeGetProductTest test is passed.
[INFO] 29-08-2025 11:02:18 [main] Log - End testing cms
[INFO] 29-08-2025 14:52:56 [main] Log - Start testing cms
[WARN] 29-08-2025 14:52:56 [main] Log - WebDriver is null in onStart
[INFO] 29-08-2025 14:53:02 [main] Log - homeAddProductTest test is starting...
[ERROR] 29-08-2025 14:53:02 [main] Log - homeAddProductTest test is failed.
[ERROR] 29-08-2025 14:53:02 [main] Log - Screenshot captured for test case: homeAddProductTest
[INFO] 29-08-2025 14:53:06 [main] Log - End testing cms
[INFO] 29-08-2025 14:55:01 [main] Log - Start testing cms
[WARN] 29-08-2025 14:55:01 [main] Log - WebDriver is null in onStart
[INFO] 29-08-2025 14:55:05 [main] Log - homeAddProductTest test is starting...
[INFO] 29-08-2025 14:55:05 [main] Log - homeAddProductTest test is passed.
[INFO] 29-08-2025 14:55:09 [main] Log - End testing cms
[INFO] 29-08-2025 14:55:53 [main] Log - Start testing cms
[WARN] 29-08-2025 14:55:53 [main] Log - WebDriver is null in onStart
[INFO] 29-08-2025 14:55:56 [main] Log - homeAddProductTest test is starting...
[INFO] 29-08-2025 14:55:57 [main] Log - homeAddProductTest test is passed.
[INFO] 29-08-2025 14:56:00 [main] Log - End testing cms
[INFO] 29-08-2025 15:10:44 [main] Log - Start testing cms
[WARN] 29-08-2025 15:10:44 [main] Log - WebDriver is null in onStart
[INFO] 29-08-2025 15:10:49 [main] Log - homeAddProductTest test is starting...
[INFO] 29-08-2025 15:10:49 [main] Log - homeAddProductTest test is passed.
[INFO] 29-08-2025 15:10:52 [main] Log - End testing cms
[INFO] 29-08-2025 15:11:03 [main] Log - Start testing cms
[WARN] 29-08-2025 15:11:03 [main] Log - WebDriver is null in onStart
[INFO] 29-08-2025 15:11:10 [main] Log - homeAddProductTest test is starting...
[INFO] 29-08-2025 15:11:11 [main] Log - homeAddProductTest test is passed.
[INFO] 29-08-2025 15:11:14 [main] Log - End testing cms
[INFO] 29-08-2025 15:15:41 [main] Log - Start testing cms
[WARN] 29-08-2025 15:15:41 [main] Log - WebDriver is null in onStart
[INFO] 29-08-2025 15:15:48 [main] Log - homeAddProductTest test is starting...
[INFO] 29-08-2025 15:15:54 [main] Log - homeAddProductTest test is passed.
[INFO] 29-08-2025 15:15:57 [main] Log - End testing cms
[INFO] 29-08-2025 15:16:45 [main] Log - Start testing cms
[WARN] 29-08-2025 15:16:45 [main] Log - WebDriver is null in onStart
[INFO] 29-08-2025 15:16:50 [main] Log - homeAddProductTest test is starting...
[INFO] 29-08-2025 15:17:00 [main] Log - homeAddProductTest test is passed.
[INFO] 29-08-2025 15:17:03 [main] Log - End testing cms
[INFO] 29-08-2025 15:22:59 [main] Log - Start testing cms
[WARN] 29-08-2025 15:22:59 [main] Log - WebDriver is null in onStart
[INFO] 29-08-2025 15:23:04 [main] Log - homeAddProductTest test is starting...
[INFO] 29-08-2025 15:23:10 [main] Log - homeAddProductTest test is passed.
[INFO] 29-08-2025 15:23:13 [main] Log - End testing cms
[INFO] 29-08-2025 15:23:53 [main] Log - Start testing cms
[WARN] 29-08-2025 15:23:53 [main] Log - WebDriver is null in onStart
[INFO] 29-08-2025 15:24:06 [main] Log - homeAddProductTest test is starting...
[INFO] 29-08-2025 15:24:13 [main] Log - homeAddProductTest test is passed.
[INFO] 29-08-2025 15:24:16 [main] Log - End testing cms
[INFO] 29-08-2025 15:29:32 [main] Log - Start testing cms
[WARN] 29-08-2025 15:29:32 [main] Log - WebDriver is null in onStart
[INFO] 29-08-2025 15:29:39 [main] Log - homeAddProductTest test is starting...
[INFO] 29-08-2025 15:29:53 [main] Log - homeAddProductTest test is passed.
[INFO] 29-08-2025 15:29:57 [main] Log - End testing cms
[INFO] 29-08-2025 15:30:21 [main] Log - Start testing cms
[WARN] 29-08-2025 15:30:21 [main] Log - WebDriver is null in onStart
[INFO] 29-08-2025 15:30:33 [main] Log - homeAddProductTest test is starting...
[INFO] 29-08-2025 15:30:42 [main] Log - homeAddProductTest test is passed.
[INFO] 29-08-2025 15:30:45 [main] Log - End testing cms
[INFO] 29-08-2025 15:33:25 [main] Log - Start testing cms
[WARN] 29-08-2025 15:33:25 [main] Log - WebDriver is null in onStart
[INFO] 29-08-2025 15:33:30 [main] Log - homeAddProductTest test is starting...
[INFO] 29-08-2025 15:33:36 [main] Log - homeAddProductTest test is passed.
[INFO] 29-08-2025 15:33:39 [main] Log - End testing cms
[INFO] 29-08-2025 15:36:09 [main] Log - Start testing cms
[WARN] 29-08-2025 15:36:09 [main] Log - WebDriver is null in onStart
[INFO] 29-08-2025 15:36:12 [main] Log - homeAddProductTest test is starting...
[INFO] 29-08-2025 15:36:23 [main] Log - homeAddProductTest test is passed.
[INFO] 29-08-2025 15:36:27 [main] Log - End testing cms
[INFO] 29-08-2025 15:40:25 [main] Log - Start testing cms
[WARN] 29-08-2025 15:40:25 [main] Log - WebDriver is null in onStart
[INFO] 29-08-2025 15:40:40 [main] Log - homeAddProductTest test is starting...
[INFO] 29-08-2025 15:40:50 [main] Log - homeAddProductTest test is passed.
[INFO] 29-08-2025 15:40:53 [main] Log - End testing cms
[INFO] 29-08-2025 15:43:27 [main] Log - Start testing cms
[WARN] 29-08-2025 15:43:27 [main] Log - WebDriver is null in onStart
[INFO] 29-08-2025 15:43:30 [main] Log - homeAddProductTest test is starting...
[INFO] 29-08-2025 15:43:46 [main] Log - homeAddProductTest test is passed.
[INFO] 29-08-2025 15:43:49 [main] Log - End testing cms
[INFO] 29-08-2025 15:45:28 [main] Log - Start testing cms
[WARN] 29-08-2025 15:45:28 [main] Log - WebDriver is null in onStart
[INFO] 29-08-2025 15:45:41 [main] Log - homeAddProductTest test is starting...
[INFO] 29-08-2025 15:45:54 [main] Log - homeAddProductTest test is passed.
[INFO] 29-08-2025 15:45:57 [main] Log - End testing cms
[INFO] 29-08-2025 15:55:10 [main] Log - Start testing cms
[WARN] 29-08-2025 15:55:10 [main] Log - WebDriver is null in onStart
[INFO] 29-08-2025 15:55:15 [main] Log - homeAddProductTest test is starting...
[ERROR] 29-08-2025 15:55:27 [main] Log - homeAddProductTest test is failed.
[ERROR] 29-08-2025 15:55:27 [main] Log - Screenshot captured for test case: homeAddProductTest
[ERROR] 29-08-2025 15:55:27 [main] Log - homeAddProductTest test is failed.
[ERROR] 29-08-2025 15:55:27 [main] Log - Screenshot captured for test case: homeAddProductTest
[INFO] 29-08-2025 15:55:34 [main] Log - Start testing cms
[WARN] 29-08-2025 15:55:34 [main] Log - WebDriver is null in onStart
[INFO] 29-08-2025 15:55:38 [main] Log - homeAddProductTest test is starting...
[ERROR] 29-08-2025 15:56:03 [main] Log - homeAddProductTest test is failed.
[ERROR] 29-08-2025 15:56:03 [main] Log - Screenshot captured for test case: homeAddProductTest
[INFO] 29-08-2025 15:56:09 [main] Log - End testing cms
[INFO] 29-08-2025 15:56:36 [main] Log - Start testing cms
[WARN] 29-08-2025 15:56:36 [main] Log - WebDriver is null in onStart
[INFO] 29-08-2025 15:56:39 [main] Log - homeAddProductTest test is starting...
[ERROR] 29-08-2025 15:56:56 [main] Log - homeAddProductTest test is failed.
[ERROR] 29-08-2025 15:56:56 [main] Log - Screenshot captured for test case: homeAddProductTest
[ERROR] 29-08-2025 15:56:57 [main] Log - homeAddProductTest test is failed.
[ERROR] 29-08-2025 15:56:57 [main] Log - Screenshot captured for test case: homeAddProductTest
[INFO] 29-08-2025 15:57:57 [main] Log - Start testing cms
[WARN] 29-08-2025 15:57:57 [main] Log - WebDriver is null in onStart
[INFO] 29-08-2025 15:58:09 [main] Log - homeAddProductTest test is starting...
[INFO] 29-08-2025 15:58:19 [main] Log - homeAddProductTest test is passed.
[INFO] 29-08-2025 15:58:23 [main] Log - End testing cms
[INFO] 29-08-2025 15:58:54 [main] Log - Start testing cms
[WARN] 29-08-2025 15:58:54 [main] Log - WebDriver is null in onStart
[INFO] 29-08-2025 15:58:58 [main] Log - homeAddProductTest test is starting...
[ERROR] 29-08-2025 15:59:17 [main] Log - homeAddProductTest test is failed.
[ERROR] 29-08-2025 15:59:17 [main] Log - Screenshot captured for test case: homeAddProductTest
[ERROR] 29-08-2025 15:59:17 [main] Log - homeAddProductTest test is failed.
[ERROR] 29-08-2025 15:59:17 [main] Log - Screenshot captured for test case: homeAddProductTest
[INFO] 29-08-2025 15:59:23 [main] Log - Start testing cms
[WARN] 29-08-2025 15:59:23 [main] Log - WebDriver is null in onStart
[INFO] 29-08-2025 15:59:27 [main] Log - homeAddProductTest test is starting...
[ERROR] 29-08-2025 15:59:37 [main] Log - homeAddProductTest test is failed.
[ERROR] 29-08-2025 15:59:37 [main] Log - Screenshot captured for test case: homeAddProductTest
[ERROR] 29-08-2025 15:59:37 [main] Log - homeAddProductTest test is failed.
[ERROR] 29-08-2025 15:59:37 [main] Log - Screenshot captured for test case: homeAddProductTest
[INFO] 29-08-2025 15:59:55 [main] Log - Start testing cms
[WARN] 29-08-2025 15:59:55 [main] Log - WebDriver is null in onStart
[INFO] 29-08-2025 15:59:58 [main] Log - homeAddProductTest test is starting...
[ERROR] 29-08-2025 16:00:13 [main] Log - homeAddProductTest test is failed.
[ERROR] 29-08-2025 16:00:13 [main] Log - Screenshot captured for test case: homeAddProductTest
[ERROR] 29-08-2025 16:00:14 [main] Log - homeAddProductTest test is failed.
[ERROR] 29-08-2025 16:00:14 [main] Log - Screenshot captured for test case: homeAddProductTest
[INFO] 29-08-2025 16:00:30 [main] Log - Start testing cms
[WARN] 29-08-2025 16:00:30 [main] Log - WebDriver is null in onStart
[INFO] 29-08-2025 16:00:40 [main] Log - homeAddProductTest test is starting...
[INFO] 29-08-2025 16:00:51 [main] Log - homeAddProductTest test is passed.
[INFO] 29-08-2025 16:00:54 [main] Log - End testing cms
[INFO] 29-08-2025 16:24:47 [main] Log - Start testing cms
[WARN] 29-08-2025 16:24:48 [main] Log - WebDriver is null in onStart
[INFO] 29-08-2025 16:24:52 [main] Log - homeCheckoutTest test is starting...
[ERROR] 29-08-2025 16:25:23 [main] Log - homeCheckoutTest test is failed.
[ERROR] 29-08-2025 16:25:23 [main] Log - Screenshot captured for test case: homeCheckoutTest
[INFO] 29-08-2025 16:25:27 [main] Log - End testing cms
[INFO] 29-08-2025 16:26:15 [main] Log - Start testing cms
[WARN] 29-08-2025 16:26:15 [main] Log - WebDriver is null in onStart
[INFO] 29-08-2025 16:26:19 [main] Log - homeCheckoutTest test is starting...
[ERROR] 29-08-2025 16:26:42 [main] Log - homeCheckoutTest test is failed.
[ERROR] 29-08-2025 16:26:42 [main] Log - Screenshot captured for test case: homeCheckoutTest
[ERROR] 29-08-2025 16:26:42 [main] Log - homeCheckoutTest test is failed.
[ERROR] 29-08-2025 16:26:42 [main] Log - Screenshot captured for test case: homeCheckoutTest
[INFO] 29-08-2025 16:26:44 [main] Log - End testing cms
[INFO] 29-08-2025 16:38:25 [main] Log - Start testing cms
[WARN] 29-08-2025 16:38:25 [main] Log - WebDriver is null in onStart
[INFO] 29-08-2025 16:38:30 [main] Log - loginTest test is starting...
[INFO] 29-08-2025 16:38:34 [main] Log - loginTest test is passed.
[INFO] 29-08-2025 16:38:35 [main] Log - homeCheckoutTest test is starting...
[INFO] 29-08-2025 16:38:47 [main] Log - homeCheckoutTest test is passed.
[INFO] 29-08-2025 16:38:51 [main] Log - End testing cms
[INFO] 29-08-2025 16:57:31 [main] Log - Start testing cms
[WARN] 29-08-2025 16:57:31 [main] Log - WebDriver is null in onStart
[INFO] 29-08-2025 16:57:36 [main] Log - loginTest test is starting...
[INFO] 29-08-2025 16:57:48 [main] Log - loginTest test is passed.
[INFO] 29-08-2025 16:57:49 [main] Log - homeCheckoutTest test is starting...
[INFO] 29-08-2025 16:58:08 [main] Log - homeCheckoutTest test is passed.
[INFO] 29-08-2025 16:58:11 [main] Log - End testing cms
[INFO] 29-08-2025 16:58:36 [main] Log - Start testing cms
[WARN] 29-08-2025 16:58:36 [main] Log - WebDriver is null in onStart
[INFO] 29-08-2025 16:58:41 [main] Log - loginTest test is starting...
[INFO] 29-08-2025 16:58:45 [main] Log - loginTest test is passed.
[INFO] 29-08-2025 16:58:46 [main] Log - homeCheckoutTest test is starting...
[ERROR] 29-08-2025 16:59:38 [main] Log - homeCheckoutTest test is failed.
[ERROR] 29-08-2025 16:59:38 [main] Log - Screenshot captured for test case: homeCheckoutTest
[INFO] 29-08-2025 16:59:41 [main] Log - End testing cms
[INFO] 29-08-2025 17:03:55 [main] Log - Start testing cms
[WARN] 29-08-2025 17:03:55 [main] Log - WebDriver is null in onStart
[INFO] 29-08-2025 17:04:00 [main] Log - loginTest test is starting...
[INFO] 29-08-2025 17:04:05 [main] Log - loginTest test is passed.
[INFO] 29-08-2025 17:04:06 [main] Log - homeCheckoutTest test is starting...
[INFO] 29-08-2025 17:04:22 [main] Log - homeCheckoutTest test is passed.
[INFO] 29-08-2025 17:04:27 [main] Log - End testing cms
[INFO] 30-08-2025 13:56:22 [main] Log - Start testing cms
[WARN] 30-08-2025 13:56:22 [main] Log - WebDriver is null in onStart
[INFO] 30-08-2025 13:56:23 [main] Log - loginTest test is starting...
[WARN] 30-08-2025 13:56:23 [main] Log - loginTest test is skipped.
[INFO] 30-08-2025 13:56:23 [main] Log - End testing cms
[INFO] 30-08-2025 13:56:33 [main] Log - Start testing cms
[WARN] 30-08-2025 13:56:33 [main] Log - WebDriver is null in onStart
[INFO] 30-08-2025 13:56:43 [main] Log - loginTest test is starting...
[INFO] 30-08-2025 13:56:48 [main] Log - loginTest test is passed.
[INFO] 30-08-2025 13:56:49 [main] Log - homeCheckoutTest test is starting...
[ERROR] 30-08-2025 13:57:20 [main] Log - homeCheckoutTest test is failed.
[ERROR] 30-08-2025 13:57:20 [main] Log - Screenshot captured for test case: homeCheckoutTest
[ERROR] 30-08-2025 13:57:20 [main] Log - homeCheckoutTest test is failed.
[ERROR] 30-08-2025 13:57:20 [main] Log - Screenshot captured for test case: homeCheckoutTest
[INFO] 30-08-2025 13:58:15 [main] Log - Start testing cms
[WARN] 30-08-2025 13:58:15 [main] Log - WebDriver is null in onStart
[INFO] 30-08-2025 13:58:20 [main] Log - loginTest test is starting...
[INFO] 30-08-2025 13:58:26 [main] Log - loginTest test is passed.
[INFO] 30-08-2025 13:58:27 [main] Log - homeCheckoutTest test is starting...
[INFO] 30-08-2025 13:58:45 [main] Log - homeCheckoutTest test is passed.
[INFO] 30-08-2025 13:58:52 [main] Log - End testing cms
[INFO] 30-08-2025 14:28:41 [main] Log - Start testing cms
[WARN] 30-08-2025 14:28:41 [main] Log - WebDriver is null in onStart
[INFO] 30-08-2025 14:29:46 [main] Log - Start testing cms
[WARN] 30-08-2025 14:29:46 [main] Log - WebDriver is null in onStart
[INFO] 30-08-2025 14:29:51 [main] Log - loginTest test is starting...
[ERROR] 30-08-2025 14:30:21 [main] Log - loginTest test is failed.
[ERROR] 30-08-2025 14:30:21 [main] Log - Screenshot captured for test case: loginTest
[INFO] 30-08-2025 14:30:22 [main] Log - homeCheckoutTest test is starting...
[ERROR] 30-08-2025 14:30:33 [main] Log - homeCheckoutTest test is failed.
[ERROR] 30-08-2025 14:30:33 [main] Log - Screenshot captured for test case: homeCheckoutTest
[ERROR] 30-08-2025 14:30:33 [main] Log - homeCheckoutTest test is failed.
[ERROR] 30-08-2025 14:30:33 [main] Log - Screenshot captured for test case: homeCheckoutTest
[INFO] 30-08-2025 14:30:47 [main] Log - Start testing cms
[WARN] 30-08-2025 14:30:47 [main] Log - WebDriver is null in onStart
[INFO] 30-08-2025 14:31:10 [main] Log - loginTest test is starting...
[ERROR] 30-08-2025 14:31:10 [main] Log - loginTest test is failed.
[ERROR] 30-08-2025 14:31:10 [main] Log - Screenshot captured for test case: loginTest
[ERROR] 30-08-2025 14:31:10 [main] Log - loginTest test is failed.
[ERROR] 30-08-2025 14:31:10 [main] Log - Screenshot captured for test case: loginTest
[INFO] 30-08-2025 14:31:10 [main] Log - End testing cms
[INFO] 30-08-2025 14:32:52 [main] Log - Start testing cms
[WARN] 30-08-2025 14:32:52 [main] Log - WebDriver is null in onStart
[INFO] 30-08-2025 14:32:55 [main] Log - loginTest test is starting...
[INFO] 30-08-2025 14:33:01 [main] Log - loginTest test is passed.
[INFO] 30-08-2025 14:33:02 [main] Log - homeCheckoutTest test is starting...
[ERROR] 30-08-2025 14:33:27 [main] Log - homeCheckoutTest test is failed.
[ERROR] 30-08-2025 14:33:27 [main] Log - Screenshot captured for test case: homeCheckoutTest
[ERROR] 30-08-2025 14:33:27 [main] Log - homeCheckoutTest test is failed.
[ERROR] 30-08-2025 14:33:27 [main] Log - Screenshot captured for test case: homeCheckoutTest
[INFO] 30-08-2025 14:36:24 [main] Log - Start testing cms
[WARN] 30-08-2025 14:36:24 [main] Log - WebDriver is null in onStart
[INFO] 30-08-2025 14:36:28 [main] Log - loginTest test is starting...
[INFO] 30-08-2025 14:36:31 [main] Log - loginTest test is passed.
[INFO] 30-08-2025 14:36:32 [main] Log - homeCheckoutTest test is starting...
[INFO] 30-08-2025 14:36:46 [main] Log - homeCheckoutTest test is passed.
[INFO] 30-08-2025 14:36:50 [main] Log - End testing cms
[INFO] 30-08-2025 14:37:59 [main] Log - Start testing cms
[WARN] 30-08-2025 14:37:59 [main] Log - WebDriver is null in onStart
[INFO] 30-08-2025 14:38:03 [main] Log - loginTest test is starting...
[INFO] 30-08-2025 14:38:06 [main] Log - loginTest test is passed.
[INFO] 30-08-2025 14:38:07 [main] Log - homeCheckoutTest test is starting...
[INFO] 30-08-2025 14:38:42 [main] Log - homeCheckoutTest test is passed.
[INFO] 30-08-2025 14:38:46 [main] Log - End testing cms
[INFO] 30-08-2025 14:39:29 [main] Log - Start testing cms
[WARN] 30-08-2025 14:39:29 [main] Log - WebDriver is null in onStart
[INFO] 30-08-2025 14:39:34 [main] Log - loginTest test is starting...
[INFO] 30-08-2025 14:39:37 [main] Log - loginTest test is passed.
[INFO] 30-08-2025 14:39:38 [main] Log - homeCheckoutTest test is starting...
[ERROR] 30-08-2025 14:39:39 [main] Log - homeCheckoutTest test is failed.
[ERROR] 30-08-2025 14:39:39 [main] Log - Screenshot captured for test case: homeCheckoutTest
[INFO] 30-08-2025 14:39:42 [main] Log - End testing cms
[INFO] 30-08-2025 14:39:48 [main] Log - Start testing cms
[WARN] 30-08-2025 14:39:48 [main] Log - WebDriver is null in onStart
[INFO] 30-08-2025 14:39:52 [main] Log - loginTest test is starting...
[INFO] 30-08-2025 14:39:55 [main] Log - loginTest test is passed.
[INFO] 30-08-2025 14:39:56 [main] Log - homeCheckoutTest test is starting...
[INFO] 30-08-2025 14:40:12 [main] Log - homeCheckoutTest test is passed.
[INFO] 30-08-2025 14:40:15 [main] Log - End testing cms
[INFO] 30-08-2025 14:46:56 [main] Log - Start testing cms
[WARN] 30-08-2025 14:46:56 [main] Log - WebDriver is null in onStart
[INFO] 30-08-2025 14:47:11 [TestNG-test-cms-1] Log - loginTest test is starting...
[INFO] 30-08-2025 14:47:11 [TestNG-test-cms-4] Log - loginTest test is starting...
[INFO] 30-08-2025 14:47:12 [TestNG-test-cms-2] Log - homeGetProductTest test is starting...
[INFO] 30-08-2025 14:47:14 [TestNG-test-cms-5] Log - loginTest test is starting...
[INFO] 30-08-2025 14:47:15 [TestNG-test-cms-3] Log - homeAddProductTest test is starting...
[ERROR] 30-08-2025 14:47:15 [TestNG-test-cms-3] Log - homeAddProductTest test is failed.
[ERROR] 30-08-2025 14:47:15 [TestNG-test-cms-3] Log - Screenshot captured for test case: homeAddProductTest
[ERROR] 30-08-2025 14:47:15 [TestNG-test-cms-3] Log - homeAddProductTest test is failed.
[ERROR] 30-08-2025 14:47:15 [TestNG-test-cms-3] Log - Screenshot captured for test case: homeAddProductTest
[ERROR] 30-08-2025 14:47:16 [TestNG-test-cms-2] Log - homeGetProductTest test is failed.
[ERROR] 30-08-2025 14:47:16 [TestNG-test-cms-2] Log - Screenshot captured for test case: homeGetProductTest
[ERROR] 30-08-2025 14:47:16 [TestNG-test-cms-2] Log - homeGetProductTest test is failed.
[ERROR] 30-08-2025 14:47:16 [TestNG-test-cms-2] Log - Screenshot captured for test case: homeGetProductTest
[ERROR] 30-08-2025 14:47:16 [TestNG-test-cms-5] Log - loginTest test is failed.
[ERROR] 30-08-2025 14:47:16 [TestNG-test-cms-5] Log - Screenshot captured for test case: loginTest
[ERROR] 30-08-2025 14:47:16 [TestNG-test-cms-5] Log - loginTest test is failed.
[ERROR] 30-08-2025 14:47:16 [TestNG-test-cms-5] Log - Screenshot captured for test case: loginTest
[ERROR] 30-08-2025 14:47:16 [TestNG-test-cms-1] Log - loginTest test is failed.
[ERROR] 30-08-2025 14:47:16 [TestNG-test-cms-1] Log - Screenshot captured for test case: loginTest
[ERROR] 30-08-2025 14:47:17 [TestNG-test-cms-1] Log - loginTest test is failed.
[ERROR] 30-08-2025 14:47:17 [TestNG-test-cms-1] Log - Screenshot captured for test case: loginTest
[INFO] 30-08-2025 14:48:39 [main] Log - Start testing cms
[WARN] 30-08-2025 14:48:39 [main] Log - WebDriver is null in onStart
[INFO] 30-08-2025 14:48:43 [main] Log - loginTest test is starting...
[INFO] 30-08-2025 14:48:46 [main] Log - loginTest test is passed.
[INFO] 30-08-2025 14:48:54 [main] Log - loginTest test is starting...
[INFO] 30-08-2025 14:48:57 [main] Log - loginTest test is passed.
[INFO] 30-08-2025 14:48:58 [main] Log - dashboardTest test is starting...
[INFO] 30-08-2025 14:49:01 [main] Log - dashboardTest test is passed.
[INFO] 30-08-2025 14:49:07 [main] Log - homeGetProductTest test is starting...
[INFO] 30-08-2025 14:49:10 [main] Log - homeGetProductTest test is passed.
[INFO] 30-08-2025 14:49:17 [main] Log - homeAddProductTest test is starting...
[INFO] 30-08-2025 14:49:25 [main] Log - homeAddProductTest test is passed.
[INFO] 30-08-2025 14:49:31 [main] Log - loginTest test is starting...
[INFO] 30-08-2025 14:49:34 [main] Log - loginTest test is passed.
[INFO] 30-08-2025 14:49:35 [main] Log - homeCheckoutTest test is starting...
[INFO] 30-08-2025 14:49:50 [main] Log - homeCheckoutTest test is passed.
[INFO] 30-08-2025 14:49:53 [main] Log - End testing cms
[INFO] 30-08-2025 14:50:49 [main] Log - Start testing cms
[WARN] 30-08-2025 14:50:49 [main] Log - WebDriver is null in onStart
[INFO] 30-08-2025 14:50:52 [main] Log - homeGetProductTest test is starting...
[ERROR] 30-08-2025 14:50:53 [main] Log - homeGetProductTest test is failed.
[ERROR] 30-08-2025 14:50:53 [main] Log - Screenshot captured for test case: homeGetProductTest
[INFO] 30-08-2025 14:50:57 [main] Log - End testing cms
[INFO] 30-08-2025 14:51:02 [main] Log - Start testing cms
[WARN] 30-08-2025 14:51:02 [main] Log - WebDriver is null in onStart
[INFO] 30-08-2025 14:51:06 [main] Log - homeGetProductTest test is starting...
[ERROR] 30-08-2025 14:51:07 [main] Log - homeGetProductTest test is failed.
[ERROR] 30-08-2025 14:51:07 [main] Log - Screenshot captured for test case: homeGetProductTest
[INFO] 30-08-2025 14:51:11 [main] Log - End testing cms
[INFO] 30-08-2025 14:51:16 [main] Log - Start testing cms
[WARN] 30-08-2025 14:51:16 [main] Log - WebDriver is null in onStart
[INFO] 30-08-2025 14:51:20 [main] Log - homeGetProductTest test is starting...
[INFO] 30-08-2025 14:51:23 [main] Log - homeGetProductTest test is passed.
[INFO] 30-08-2025 14:51:26 [main] Log - End testing cms
[INFO] 30-08-2025 14:53:55 [main] Log - Start testing cms
[WARN] 30-08-2025 14:53:55 [main] Log - WebDriver is null in onStart
[INFO] 30-08-2025 14:54:01 [main] Log - homeGetProductTest test is starting...
[INFO] 30-08-2025 14:54:05 [main] Log - homeGetProductTest test is passed.
[INFO] 30-08-2025 14:54:08 [main] Log - End testing cms
[INFO] 30-08-2025 14:56:12 [main] Log - Start testing cms
[WARN] 30-08-2025 14:56:12 [main] Log - WebDriver is null in onStart
[INFO] 30-08-2025 14:56:19 [main] Log - loginTest test is starting...
[INFO] 30-08-2025 14:56:22 [main] Log - loginTest test is passed.
[INFO] 30-08-2025 14:56:38 [main] Log - loginTest test is starting...
[ERROR] 30-08-2025 14:56:41 [main] Log - loginTest test is failed.
[ERROR] 30-08-2025 14:56:41 [main] Log - Screenshot captured for test case: loginTest
[ERROR] 30-08-2025 14:56:41 [main] Log - loginTest test is failed.
[ERROR] 30-08-2025 14:56:41 [main] Log - Screenshot captured for test case: loginTest
[INFO] 30-08-2025 14:56:41 [main] Log - End testing cms
[INFO] 30-08-2025 14:56:49 [main] Log - Start testing cms
[WARN] 30-08-2025 14:56:49 [main] Log - WebDriver is null in onStart
[INFO] 30-08-2025 14:56:55 [main] Log - loginTest test is starting...
[INFO] 30-08-2025 14:56:58 [main] Log - loginTest test is passed.
[INFO] 30-08-2025 14:57:04 [main] Log - loginTest test is starting...
[INFO] 30-08-2025 14:57:07 [main] Log - loginTest test is passed.
[INFO] 30-08-2025 14:57:08 [main] Log - dashboardTest test is starting...
[INFO] 30-08-2025 14:57:11 [main] Log - dashboardTest test is passed.
[INFO] 30-08-2025 14:57:16 [main] Log - homeGetProductTest test is starting...
[INFO] 30-08-2025 14:57:20 [main] Log - homeGetProductTest test is passed.
[INFO] 30-08-2025 14:57:25 [main] Log - homeAddProductTest test is starting...
[INFO] 30-08-2025 14:57:34 [main] Log - homeAddProductTest test is passed.
[INFO] 30-08-2025 14:57:40 [main] Log - loginTest test is starting...
[INFO] 30-08-2025 14:57:42 [main] Log - loginTest test is passed.
[INFO] 30-08-2025 14:57:43 [main] Log - homeCheckoutTest test is starting...
[INFO] 30-08-2025 14:58:12 [main] Log - homeCheckoutTest test is passed.
[INFO] 30-08-2025 14:58:18 [main] Log - End testing cms
[INFO] 30-08-2025 14:58:49 [main] Log - Start testing cms
[WARN] 30-08-2025 14:58:49 [main] Log - WebDriver is null in onStart
[INFO] 30-08-2025 14:58:53 [main] Log - loginTest test is starting...
[INFO] 30-08-2025 14:58:56 [main] Log - loginTest test is passed.
[INFO] 30-08-2025 14:59:01 [main] Log - loginTest test is starting...
[ERROR] 30-08-2025 14:59:01 [main] Log - loginTest test is failed.
[ERROR] 30-08-2025 14:59:01 [main] Log - Screenshot captured for test case: loginTest
[ERROR] 30-08-2025 14:59:01 [main] Log - loginTest test is failed.
[ERROR] 30-08-2025 14:59:01 [main] Log - Screenshot captured for test case: loginTest
[INFO] 30-08-2025 14:59:01 [main] Log - End testing cms
[INFO] 30-08-2025 14:59:20 [main] Log - Start testing cms
[WARN] 30-08-2025 14:59:20 [main] Log - WebDriver is null in onStart
[INFO] 30-08-2025 14:59:25 [main] Log - loginTest test is starting...
[INFO] 30-08-2025 14:59:29 [main] Log - loginTest test is passed.
[INFO] 30-08-2025 14:59:37 [main] Log - loginTest test is starting...
[INFO] 30-08-2025 14:59:39 [main] Log - loginTest test is passed.
[INFO] 30-08-2025 14:59:40 [main] Log - dashboardTest test is starting...
[INFO] 30-08-2025 14:59:43 [main] Log - dashboardTest test is passed.
[INFO] 30-08-2025 14:59:49 [main] Log - homeGetProductTest test is starting...
[INFO] 30-08-2025 14:59:52 [main] Log - homeGetProductTest test is passed.
[INFO] 30-08-2025 14:59:57 [main] Log - homeAddProductTest test is starting...
[ERROR] 30-08-2025 15:00:14 [main] Log - homeAddProductTest test is failed.
[ERROR] 30-08-2025 15:00:14 [main] Log - Screenshot captured for test case: homeAddProductTest
[ERROR] 30-08-2025 15:00:14 [main] Log - homeAddProductTest test is failed.
[ERROR] 30-08-2025 15:00:14 [main] Log - Screenshot captured for test case: homeAddProductTest
[INFO] 30-08-2025 15:00:16 [main] Log - End testing cms
[INFO] 30-08-2025 15:00:54 [main] Log - Start testing cms
[WARN] 30-08-2025 15:00:54 [main] Log - WebDriver is null in onStart
[INFO] 30-08-2025 15:00:57 [main] Log - loginTest test is starting...
[INFO] 30-08-2025 15:01:00 [main] Log - loginTest test is passed.
[INFO] 30-08-2025 15:01:06 [main] Log - loginTest test is starting...
[INFO] 30-08-2025 15:01:09 [main] Log - loginTest test is passed.
[INFO] 30-08-2025 15:01:10 [main] Log - dashboardTest test is starting...
[INFO] 30-08-2025 15:01:13 [main] Log - dashboardTest test is passed.
[INFO] 30-08-2025 15:01:19 [main] Log - homeGetProductTest test is starting...
[INFO] 30-08-2025 15:01:21 [main] Log - homeGetProductTest test is passed.
[INFO] 30-08-2025 15:01:27 [main] Log - homeAddProductTest test is starting...
[INFO] 30-08-2025 15:01:35 [main] Log - homeAddProductTest test is passed.
[INFO] 30-08-2025 15:01:44 [main] Log - loginTest test is starting...
[INFO] 30-08-2025 15:01:46 [main] Log - loginTest test is passed.
[INFO] 30-08-2025 15:01:47 [main] Log - homeCheckoutTest test is starting...
[INFO] 30-08-2025 15:02:03 [main] Log - homeCheckoutTest test is passed.
[INFO] 30-08-2025 15:02:06 [main] Log - End testing cms
[INFO] 30-08-2025 15:03:41 [main] Log - Start testing cms
[WARN] 30-08-2025 15:03:41 [main] Log - WebDriver is null in onStart
[INFO] 30-08-2025 15:03:52 [TestNG-test-cms-2] Log - homeGetProductTest test is starting...
[ERROR] 30-08-2025 15:03:52 [TestNG-test-cms-2] Log - homeGetProductTest test is failed.
[ERROR] 30-08-2025 15:03:52 [TestNG-test-cms-2] Log - Screenshot captured for test case: homeGetProductTest
[ERROR] 30-08-2025 15:03:52 [TestNG-test-cms-2] Log - homeGetProductTest test is failed.
[ERROR] 30-08-2025 15:03:52 [TestNG-test-cms-2] Log - Screenshot captured for test case: homeGetProductTest
[INFO] 30-08-2025 15:03:53 [TestNG-test-cms-5] Log - loginTest test is starting...
[ERROR] 30-08-2025 15:03:54 [TestNG-test-cms-5] Log - loginTest test is failed.
[ERROR] 30-08-2025 15:03:54 [TestNG-test-cms-5] Log - Screenshot captured for test case: loginTest
[ERROR] 30-08-2025 15:03:54 [TestNG-test-cms-5] Log - loginTest test is failed.
[ERROR] 30-08-2025 15:03:54 [TestNG-test-cms-5] Log - Screenshot captured for test case: loginTest
[INFO] 30-08-2025 15:03:54 [TestNG-test-cms-1] Log - loginTest test is starting...
[ERROR] 30-08-2025 15:03:54 [TestNG-test-cms-1] Log - loginTest test is failed.
[ERROR] 30-08-2025 15:03:54 [TestNG-test-cms-1] Log - Screenshot captured for test case: loginTest
[ERROR] 30-08-2025 15:03:54 [TestNG-test-cms-1] Log - loginTest test is failed.
[ERROR] 30-08-2025 15:03:54 [TestNG-test-cms-1] Log - Screenshot captured for test case: loginTest
[INFO] 30-08-2025 15:03:55 [TestNG-test-cms-3] Log - homeAddProductTest test is starting...
[ERROR] 30-08-2025 15:03:55 [TestNG-test-cms-3] Log - homeAddProductTest test is failed.
[ERROR] 30-08-2025 15:03:55 [TestNG-test-cms-3] Log - Screenshot captured for test case: homeAddProductTest
[ERROR] 30-08-2025 15:03:55 [TestNG-test-cms-3] Log - homeAddProductTest test is failed.
[ERROR] 30-08-2025 15:03:55 [TestNG-test-cms-3] Log - Screenshot captured for test case: homeAddProductTest
[INFO] 30-08-2025 15:03:56 [TestNG-test-cms-4] Log - loginTest test is starting...
[ERROR] 30-08-2025 15:03:56 [TestNG-test-cms-4] Log - loginTest test is failed.
[ERROR] 30-08-2025 15:03:56 [TestNG-test-cms-4] Log - Screenshot captured for test case: loginTest
[ERROR] 30-08-2025 15:03:56 [TestNG-test-cms-4] Log - loginTest test is failed.
[ERROR] 30-08-2025 15:03:56 [TestNG-test-cms-4] Log - Screenshot captured for test case: loginTest
[INFO] 30-08-2025 15:04:37 [main] Log - Start testing cms
[WARN] 30-08-2025 15:04:37 [main] Log - WebDriver is null in onStart
[INFO] 30-08-2025 15:04:43 [TestNG-test-cms-5] Log - loginTest test is starting...
[INFO] 30-08-2025 15:04:43 [TestNG-test-cms-3] Log - homeAddProductTest test is starting...
[INFO] 30-08-2025 15:04:43 [TestNG-test-cms-2] Log - homeGetProductTest test is starting...
[INFO] 30-08-2025 15:04:43 [TestNG-test-cms-4] Log - loginTest test is starting...
[INFO] 30-08-2025 15:04:44 [TestNG-test-cms-1] Log - loginTest test is starting...
[INFO] 30-08-2025 15:04:47 [TestNG-test-cms-5] Log - loginTest test is passed.
[INFO] 30-08-2025 15:04:48 [TestNG-test-cms-1] Log - loginTest test is passed.
[INFO] 30-08-2025 15:04:48 [TestNG-test-cms-2] Log - homeGetProductTest test is passed.
[INFO] 30-08-2025 15:04:48 [TestNG-test-cms-5] Log - homeCheckoutTest test is starting...
[INFO] 30-08-2025 15:04:49 [TestNG-test-cms-4] Log - loginTest test is passed.
[INFO] 30-08-2025 15:04:50 [TestNG-test-cms-4] Log - dashboardTest test is starting...
[INFO] 30-08-2025 15:04:53 [TestNG-test-cms-3] Log - homeAddProductTest test is passed.
[INFO] 30-08-2025 15:04:55 [TestNG-test-cms-4] Log - dashboardTest test is passed.
[INFO] 30-08-2025 15:05:05 [TestNG-test-cms-5] Log - homeCheckoutTest test is passed.
[INFO] 30-08-2025 15:05:08 [main] Log - End testing cms
[INFO] 30-08-2025 16:07:35 [main] Log - Start testing cms
[WARN] 30-08-2025 16:07:35 [main] Log - WebDriver is null in onStart
[INFO] 30-08-2025 16:07:41 [TestNG-test-cms-2] Log - homeGetProductTest test is starting...
[INFO] 30-08-2025 16:07:43 [TestNG-test-cms-4] Log - loginTest test is starting...
[INFO] 30-08-2025 16:08:09 [TestNG-test-cms-1] Log - loginTest test is starting...
[INFO] 30-08-2025 16:08:09 [TestNG-test-cms-3] Log - homeAddProductTest test is starting...
[INFO] 30-08-2025 16:08:09 [TestNG-test-cms-5] Log - loginTest test is starting...
[ERROR] 30-08-2025 16:08:11 [TestNG-test-cms-3] Log - homeAddProductTest test is failed.
[ERROR] 30-08-2025 16:08:11 [TestNG-test-cms-1] Log - loginTest test is failed.
[ERROR] 30-08-2025 16:08:11 [TestNG-test-cms-3] Log - Screenshot captured for test case: homeAddProductTest
[WARN] 30-08-2025 16:08:11 [TestNG-test-cms-3] Log - WebDriver is null, skipping screenshot
[ERROR] 30-08-2025 16:08:11 [TestNG-test-cms-1] Log - Screenshot captured for test case: loginTest
[WARN] 30-08-2025 16:08:11 [TestNG-test-cms-1] Log - WebDriver is null, skipping screenshot
[ERROR] 30-08-2025 16:08:11 [TestNG-test-cms-5] Log - loginTest test is failed.
[ERROR] 30-08-2025 16:08:11 [TestNG-test-cms-5] Log - Screenshot captured for test case: loginTest
[WARN] 30-08-2025 16:08:11 [TestNG-test-cms-5] Log - WebDriver is null, skipping screenshot
[INFO] 30-08-2025 16:08:14 [TestNG-test-cms-5] Log - homeCheckoutTest test is starting...
[ERROR] 30-08-2025 16:08:14 [TestNG-test-cms-4] Log - loginTest test is failed.
[ERROR] 30-08-2025 16:08:14 [TestNG-test-cms-4] Log - Screenshot captured for test case: loginTest
[ERROR] 30-08-2025 16:08:14 [TestNG-test-cms-2] Log - homeGetProductTest test is failed.
[ERROR] 30-08-2025 16:08:14 [TestNG-test-cms-2] Log - Screenshot captured for test case: homeGetProductTest
[ERROR] 30-08-2025 16:08:14 [TestNG-test-cms-5] Log - homeCheckoutTest test is failed.
[ERROR] 30-08-2025 16:08:14 [TestNG-test-cms-5] Log - Screenshot captured for test case: homeCheckoutTest
[WARN] 30-08-2025 16:08:14 [TestNG-test-cms-5] Log - WebDriver is null, skipping screenshot
[INFO] 30-08-2025 16:08:16 [TestNG-test-cms-4] Log - dashboardTest test is starting...
[ERROR] 30-08-2025 16:08:18 [TestNG-test-cms-4] Log - dashboardTest test is failed.
[ERROR] 30-08-2025 16:08:18 [TestNG-test-cms-4] Log - Screenshot captured for test case: dashboardTest
[ERROR] 30-08-2025 16:08:18 [TestNG-test-cms-4] Log - dashboardTest test is failed.
[ERROR] 30-08-2025 16:08:18 [TestNG-test-cms-4] Log - Screenshot captured for test case: dashboardTest
[INFO] 30-08-2025 16:08:36 [main] Log - Start testing cms
[WARN] 30-08-2025 16:08:36 [main] Log - WebDriver is null in onStart
[INFO] 30-08-2025 16:09:01 [TestNG-test-cms-4] Log - loginTest test is starting...
[INFO] 30-08-2025 16:09:01 [TestNG-test-cms-2] Log - homeGetProductTest test is starting...
[INFO] 30-08-2025 16:09:01 [TestNG-test-cms-3] Log - homeAddProductTest test is starting...
[INFO] 30-08-2025 16:09:01 [TestNG-test-cms-1] Log - loginTest test is starting...
[INFO] 30-08-2025 16:09:01 [TestNG-test-cms-5] Log - loginTest test is starting...
[ERROR] 30-08-2025 16:09:02 [TestNG-test-cms-2] Log - homeGetProductTest test is failed.
[ERROR] 30-08-2025 16:09:02 [TestNG-test-cms-2] Log - Screenshot captured for test case: homeGetProductTest
[ERROR] 30-08-2025 16:09:02 [TestNG-test-cms-2] Log - homeGetProductTest test is failed.
[ERROR] 30-08-2025 16:09:02 [TestNG-test-cms-2] Log - Screenshot captured for test case: homeGetProductTest
[INFO] 30-08-2025 16:09:39 [main] Log - Start testing cms
[WARN] 30-08-2025 16:09:39 [main] Log - WebDriver is null in onStart
[INFO] 30-08-2025 16:09:43 [TestNG-test-cms-4] Log - loginTest test is starting...
[INFO] 30-08-2025 16:09:46 [TestNG-test-cms-1] Log - loginTest test is starting...
[INFO] 30-08-2025 16:09:46 [TestNG-test-cms-2] Log - homeGetProductTest test is starting...
[INFO] 30-08-2025 16:09:46 [TestNG-test-cms-3] Log - homeAddProductTest test is starting...
[INFO] 30-08-2025 16:09:48 [TestNG-test-cms-5] Log - loginTest test is starting...
[INFO] 30-08-2025 16:09:49 [TestNG-test-cms-4] Log - loginTest test is passed.
[INFO] 30-08-2025 16:09:51 [TestNG-test-cms-4] Log - dashboardTest test is starting...
[INFO] 30-08-2025 16:09:51 [TestNG-test-cms-1] Log - loginTest test is passed.
[INFO] 30-08-2025 16:09:52 [TestNG-test-cms-2] Log - homeGetProductTest test is passed.
[INFO] 30-08-2025 16:09:53 [TestNG-test-cms-5] Log - loginTest test is passed.
[INFO] 30-08-2025 16:09:54 [TestNG-test-cms-5] Log - homeCheckoutTest test is starting...
[INFO] 30-08-2025 16:10:03 [TestNG-test-cms-3] Log - homeAddProductTest test is passed.
[INFO] 30-08-2025 16:10:04 [TestNG-test-cms-4] Log - dashboardTest test is passed.
[INFO] 30-08-2025 16:10:23 [TestNG-test-cms-5] Log - homeCheckoutTest test is passed.
[INFO] 30-08-2025 16:10:27 [main] Log - End testing cms
[INFO] 30-08-2025 16:10:57 [main] Log - Start testing cms
[WARN] 30-08-2025 16:10:57 [main] Log - WebDriver is null in onStart
[INFO] 30-08-2025 16:11:23 [main] Log - Start testing cms
[WARN] 30-08-2025 16:11:23 [main] Log - WebDriver is null in onStart
[INFO] 30-08-2025 16:11:27 [main] Log - loginTest test is starting...
[INFO] 30-08-2025 16:11:31 [main] Log - loginTest test is passed.
[INFO] 30-08-2025 16:11:38 [main] Log - loginTest test is starting...
[INFO] 30-08-2025 16:11:42 [main] Log - loginTest test is passed.
[INFO] 30-08-2025 16:11:43 [main] Log - dashboardTest test is starting...
[INFO] 30-08-2025 16:11:46 [main] Log - dashboardTest test is passed.
[INFO] 30-08-2025 16:11:52 [main] Log - homeGetProductTest test is starting...
[INFO] 30-08-2025 16:11:55 [main] Log - homeGetProductTest test is passed.
[INFO] 30-08-2025 16:12:02 [main] Log - homeAddProductTest test is starting...
[INFO] 30-08-2025 16:12:11 [main] Log - homeAddProductTest test is passed.
[INFO] 30-08-2025 16:12:18 [main] Log - loginTest test is starting...
[INFO] 30-08-2025 16:12:21 [main] Log - loginTest test is passed.
[INFO] 30-08-2025 16:12:22 [main] Log - homeCheckoutTest test is starting...
[ERROR] 30-08-2025 16:12:45 [main] Log - homeCheckoutTest test is failed.
[ERROR] 30-08-2025 16:12:45 [main] Log - Screenshot captured for test case: homeCheckoutTest
[ERROR] 30-08-2025 16:12:45 [main] Log - homeCheckoutTest test is failed.
[ERROR] 30-08-2025 16:12:45 [main] Log - Screenshot captured for test case: homeCheckoutTest
[INFO] 30-08-2025 16:13:18 [main] Log - Start testing cms
[WARN] 30-08-2025 16:13:18 [main] Log - WebDriver is null in onStart
[INFO] 30-08-2025 16:13:22 [main] Log - loginTest test is starting...
[INFO] 30-08-2025 16:13:27 [main] Log - loginTest test is passed.
[INFO] 30-08-2025 16:13:33 [main] Log - loginTest test is starting...
[INFO] 30-08-2025 16:13:37 [main] Log - loginTest test is passed.
[INFO] 30-08-2025 16:13:38 [main] Log - dashboardTest test is starting...
[INFO] 30-08-2025 16:13:42 [main] Log - dashboardTest test is passed.
[INFO] 30-08-2025 16:13:47 [main] Log - homeGetProductTest test is starting...
[INFO] 30-08-2025 16:13:51 [main] Log - homeGetProductTest test is passed.
[INFO] 30-08-2025 16:13:57 [main] Log - homeAddProductTest test is starting...
[INFO] 30-08-2025 16:14:08 [main] Log - homeAddProductTest test is passed.
[INFO] 30-08-2025 16:14:14 [main] Log - loginTest test is starting...
[INFO] 30-08-2025 16:14:18 [main] Log - loginTest test is passed.
[INFO] 30-08-2025 16:14:19 [main] Log - homeCheckoutTest test is starting...
[INFO] 30-08-2025 16:14:32 [main] Log - homeCheckoutTest test is passed.
[INFO] 30-08-2025 16:14:36 [main] Log - End testing cms
[INFO] 30-08-2025 16:16:09 [main] Log - Start testing cms
[WARN] 30-08-2025 16:16:09 [main] Log - WebDriver is null in onStart
[INFO] 30-08-2025 16:16:18 [TestNG-test-cms-1] Log - loginTest test is starting...
[INFO] 30-08-2025 16:16:18 [TestNG-test-cms-2] Log - homeGetProductTest test is starting...
[INFO] 30-08-2025 16:16:20 [TestNG-test-cms-3] Log - homeAddProductTest test is starting...
[INFO] 30-08-2025 16:16:20 [TestNG-test-cms-4] Log - loginTest test is starting...
[INFO] 30-08-2025 16:16:20 [TestNG-test-cms-5] Log - loginTest test is starting...
[INFO] 30-08-2025 16:16:24 [TestNG-test-cms-2] Log - homeGetProductTest test is passed.
[INFO] 30-08-2025 16:16:25 [TestNG-test-cms-5] Log - loginTest test is passed.
[INFO] 30-08-2025 16:16:26 [TestNG-test-cms-4] Log - loginTest test is passed.
[INFO] 30-08-2025 16:16:26 [TestNG-test-cms-5] Log - homeCheckoutTest test is starting...
[INFO] 30-08-2025 16:16:27 [TestNG-test-cms-4] Log - dashboardTest test is starting...
[INFO] 30-08-2025 16:16:28 [TestNG-test-cms-1] Log - loginTest test is passed.
[INFO] 30-08-2025 16:16:39 [TestNG-test-cms-3] Log - homeAddProductTest test is passed.
[INFO] 30-08-2025 16:16:43 [TestNG-test-cms-4] Log - dashboardTest test is passed.
[INFO] 30-08-2025 16:16:51 [TestNG-test-cms-5] Log - homeCheckoutTest test is passed.
[INFO] 30-08-2025 16:16:54 [main] Log - End testing cms
[INFO] 30-08-2025 16:18:54 [main] Log - Start testing cms
[WARN] 30-08-2025 16:18:54 [main] Log - WebDriver is null in onStart
[INFO] 30-08-2025 16:19:00 [TestNG-test-cms-3] Log - homeAddProductTest test is starting...
[INFO] 30-08-2025 16:19:01 [TestNG-test-cms-4] Log - loginTest test is starting...
[INFO] 30-08-2025 16:19:01 [TestNG-test-cms-2] Log - homeGetProductTest test is starting...
[INFO] 30-08-2025 16:19:01 [TestNG-test-cms-5] Log - loginTest test is starting...
[INFO] 30-08-2025 16:19:02 [TestNG-test-cms-1] Log - loginTest test is starting...
[INFO] 30-08-2025 16:19:13 [TestNG-test-cms-2] Log - homeGetProductTest test is passed.
[INFO] 30-08-2025 16:19:15 [TestNG-test-cms-1] Log - loginTest test is passed.
[INFO] 30-08-2025 16:19:17 [TestNG-test-cms-5] Log - loginTest test is passed.
[INFO] 30-08-2025 16:19:17 [TestNG-test-cms-4] Log - loginTest test is passed.
[INFO] 30-08-2025 16:19:18 [TestNG-test-cms-5] Log - homeCheckoutTest test is starting...
[INFO] 30-08-2025 16:19:18 [TestNG-test-cms-4] Log - dashboardTest test is starting...
[INFO] 30-08-2025 16:19:23 [TestNG-test-cms-4] Log - dashboardTest test is passed.
[INFO] 30-08-2025 16:19:24 [TestNG-test-cms-3] Log - homeAddProductTest test is passed.
[INFO] 30-08-2025 16:19:39 [TestNG-test-cms-5] Log - homeCheckoutTest test is passed.
[INFO] 30-08-2025 16:19:43 [main] Log - End testing cms
[INFO] 30-08-2025 16:47:21 [main] Log - Start testing cms
[WARN] 30-08-2025 16:47:21 [main] Log - WebDriver is null in onStart
[INFO] 30-08-2025 16:47:28 [TestNG-test-cms-5] Log - loginTest test is starting...
[INFO] 30-08-2025 16:47:28 [TestNG-test-cms-2] Log - homeGetProductTest test is starting...
[INFO] 30-08-2025 16:47:28 [TestNG-test-cms-1] Log - loginTest test is starting...
[INFO] 30-08-2025 16:47:28 [TestNG-test-cms-4] Log - loginTest test is starting...
[INFO] 30-08-2025 16:47:30 [TestNG-test-cms-3] Log - homeAddProductTest test is starting...
[INFO] 30-08-2025 16:47:44 [TestNG-test-cms-5] Log - loginTest test is passed.
[INFO] 30-08-2025 16:47:46 [TestNG-test-cms-5] Log - homeCheckoutTest test is starting...
[INFO] 30-08-2025 16:47:48 [TestNG-test-cms-2] Log - homeGetProductTest test is passed.
[INFO] 30-08-2025 16:47:52 [TestNG-test-cms-4] Log - loginTest test is passed.
[INFO] 30-08-2025 16:47:53 [TestNG-test-cms-4] Log - dashboardTest test is starting...
[INFO] 30-08-2025 16:47:54 [TestNG-test-cms-1] Log - loginTest test is passed.
[INFO] 30-08-2025 16:47:57 [TestNG-test-cms-3] Log - homeAddProductTest test is passed.
[INFO] 30-08-2025 16:47:59 [TestNG-test-cms-4] Log - dashboardTest test is passed.
[INFO] 30-08-2025 16:48:08 [TestNG-test-cms-5] Log - homeCheckoutTest test is passed.
[INFO] 30-08-2025 16:48:11 [main] Log - End testing cms
[INFO] 30-08-2025 16:50:35 [main] Log - Start testing cms
[WARN] 30-08-2025 16:50:35 [main] Log - WebDriver is null in onStart
[INFO] 30-08-2025 16:50:39 [main] Log - loginTest test is starting...
[INFO] 30-08-2025 16:50:44 [main] Log - loginTest test is passed.
[INFO] 30-08-2025 16:50:45 [main] Log - homeCheckoutTest test is starting...
[ERROR] 30-08-2025 16:50:58 [main] Log - homeCheckoutTest test is failed.
[ERROR] 30-08-2025 16:50:58 [main] Log - Screenshot captured for test case: homeCheckoutTest
[ERROR] 30-08-2025 16:50:58 [main] Log - homeCheckoutTest test is failed.
[ERROR] 30-08-2025 16:50:58 [main] Log - Screenshot captured for test case: homeCheckoutTest
[INFO] 30-08-2025 16:51:28 [main] Log - Start testing cms
[WARN] 30-08-2025 16:51:28 [main] Log - WebDriver is null in onStart
[INFO] 30-08-2025 16:51:32 [main] Log - loginTest test is starting...
[INFO] 30-08-2025 16:51:37 [main] Log - loginTest test is passed.
[INFO] 30-08-2025 16:51:38 [main] Log - homeCheckoutTest test is starting...
[ERROR] 30-08-2025 16:51:52 [main] Log - homeCheckoutTest test is failed.
[ERROR] 30-08-2025 16:51:52 [main] Log - Screenshot captured for test case: homeCheckoutTest
[ERROR] 30-08-2025 16:51:52 [main] Log - homeCheckoutTest test is failed.
[ERROR] 30-08-2025 16:51:52 [main] Log - Screenshot captured for test case: homeCheckoutTest
